{"E:\\NXTWave Placement Projects\\Skillwise Assignment\\backend\\server.js": {"path":"E:\\NXTWave Placement Projects\\Skillwise Assignment\\backend\\server.js","statementMap":{"0":{"start":{"line":1,"column":16},"end":{"line":1,"column":34}},"1":{"start":{"line":2,"column":13},"end":{"line":2,"column":28}},"2":{"start":{"line":3,"column":16},"end":{"line":3,"column":44}},"3":{"start":{"line":4,"column":0},"end":{"line":4,"column":27}},"4":{"start":{"line":6,"column":12},"end":{"line":6,"column":21}},"5":{"start":{"line":7,"column":13},"end":{"line":7,"column":37}},"6":{"start":{"line":10,"column":0},"end":{"line":10,"column":16}},"7":{"start":{"line":11,"column":0},"end":{"line":11,"column":24}},"8":{"start":{"line":12,"column":0},"end":{"line":12,"column":48}},"9":{"start":{"line":15,"column":11},"end":{"line":21,"column":2}},"10":{"start":{"line":16,"column":2},"end":{"line":20,"column":3}},"11":{"start":{"line":17,"column":4},"end":{"line":17,"column":64}},"12":{"start":{"line":19,"column":4},"end":{"line":19,"column":48}},"13":{"start":{"line":24,"column":0},"end":{"line":74,"column":3}},"14":{"start":{"line":26,"column":2},"end":{"line":41,"column":5}},"15":{"start":{"line":36,"column":4},"end":{"line":40,"column":5}},"16":{"start":{"line":37,"column":6},"end":{"line":37,"column":67}},"17":{"start":{"line":39,"column":6},"end":{"line":39,"column":42}},"18":{"start":{"line":44,"column":2},"end":{"line":58,"column":5}},"19":{"start":{"line":53,"column":4},"end":{"line":57,"column":5}},"20":{"start":{"line":54,"column":6},"end":{"line":54,"column":76}},"21":{"start":{"line":56,"column":6},"end":{"line":56,"column":51}},"22":{"start":{"line":61,"column":2},"end":{"line":73,"column":5}},"23":{"start":{"line":68,"column":4},"end":{"line":72,"column":5}},"24":{"start":{"line":69,"column":6},"end":{"line":69,"column":64}},"25":{"start":{"line":71,"column":6},"end":{"line":71,"column":39}},"26":{"start":{"line":77,"column":57},"end":{"line":77,"column":85}},"27":{"start":{"line":78,"column":49},"end":{"line":78,"column":73}},"28":{"start":{"line":81,"column":0},"end":{"line":81,"column":18}},"29":{"start":{"line":82,"column":0},"end":{"line":82,"column":14}},"30":{"start":{"line":85,"column":0},"end":{"line":87,"column":3}},"31":{"start":{"line":86,"column":2},"end":{"line":86,"column":63}},"32":{"start":{"line":90,"column":0},"end":{"line":92,"column":3}},"33":{"start":{"line":91,"column":2},"end":{"line":91,"column":66}},"34":{"start":{"line":95,"column":0},"end":{"line":95,"column":33}},"35":{"start":{"line":96,"column":0},"end":{"line":96,"column":41}},"36":{"start":{"line":99,"column":0},"end":{"line":99,"column":29}},"37":{"start":{"line":102,"column":0},"end":{"line":106,"column":1}},"38":{"start":{"line":103,"column":2},"end":{"line":105,"column":5}},"39":{"start":{"line":104,"column":4},"end":{"line":104,"column":53}}},"fnMap":{"0":{"name":"(anonymous_0)","decl":{"start":{"line":15,"column":50},"end":{"line":15,"column":51}},"loc":{"start":{"line":15,"column":59},"end":{"line":21,"column":1}},"line":15},"1":{"name":"(anonymous_1)","decl":{"start":{"line":24,"column":13},"end":{"line":24,"column":14}},"loc":{"start":{"line":24,"column":19},"end":{"line":74,"column":1}},"line":24},"2":{"name":"(anonymous_2)","decl":{"start":{"line":35,"column":6},"end":{"line":35,"column":7}},"loc":{"start":{"line":35,"column":15},"end":{"line":41,"column":3}},"line":35},"3":{"name":"(anonymous_3)","decl":{"start":{"line":52,"column":6},"end":{"line":52,"column":7}},"loc":{"start":{"line":52,"column":15},"end":{"line":58,"column":3}},"line":52},"4":{"name":"(anonymous_4)","decl":{"start":{"line":67,"column":6},"end":{"line":67,"column":7}},"loc":{"start":{"line":67,"column":15},"end":{"line":73,"column":3}},"line":67},"5":{"name":"(anonymous_5)","decl":{"start":{"line":85,"column":13},"end":{"line":85,"column":14}},"loc":{"start":{"line":85,"column":27},"end":{"line":87,"column":1}},"line":85},"6":{"name":"(anonymous_6)","decl":{"start":{"line":90,"column":23},"end":{"line":90,"column":24}},"loc":{"start":{"line":90,"column":37},"end":{"line":92,"column":1}},"line":90},"7":{"name":"(anonymous_7)","decl":{"start":{"line":103,"column":19},"end":{"line":103,"column":20}},"loc":{"start":{"line":103,"column":25},"end":{"line":105,"column":3}},"line":103}},"branchMap":{"0":{"loc":{"start":{"line":7,"column":13},"end":{"line":7,"column":37}},"type":"binary-expr","locations":[{"start":{"line":7,"column":13},"end":{"line":7,"column":29}},{"start":{"line":7,"column":33},"end":{"line":7,"column":37}}],"line":7},"1":{"loc":{"start":{"line":16,"column":2},"end":{"line":20,"column":3}},"type":"if","locations":[{"start":{"line":16,"column":2},"end":{"line":20,"column":3}},{"start":{"line":18,"column":9},"end":{"line":20,"column":3}}],"line":16},"2":{"loc":{"start":{"line":36,"column":4},"end":{"line":40,"column":5}},"type":"if","locations":[{"start":{"line":36,"column":4},"end":{"line":40,"column":5}},{"start":{"line":38,"column":11},"end":{"line":40,"column":5}}],"line":36},"3":{"loc":{"start":{"line":53,"column":4},"end":{"line":57,"column":5}},"type":"if","locations":[{"start":{"line":53,"column":4},"end":{"line":57,"column":5}},{"start":{"line":55,"column":11},"end":{"line":57,"column":5}}],"line":53},"4":{"loc":{"start":{"line":68,"column":4},"end":{"line":72,"column":5}},"type":"if","locations":[{"start":{"line":68,"column":4},"end":{"line":72,"column":5}},{"start":{"line":70,"column":11},"end":{"line":72,"column":5}}],"line":68},"5":{"loc":{"start":{"line":102,"column":0},"end":{"line":106,"column":1}},"type":"if","locations":[{"start":{"line":102,"column":0},"end":{"line":106,"column":1}},{"start":{},"end":{}}],"line":102}},"s":{"0":2,"1":2,"2":2,"3":2,"4":2,"5":2,"6":2,"7":2,"8":2,"9":2,"10":2,"11":0,"12":2,"13":2,"14":2,"15":2,"16":0,"17":2,"18":2,"19":2,"20":0,"21":2,"22":2,"23":2,"24":0,"25":2,"26":2,"27":2,"28":2,"29":2,"30":2,"31":0,"32":2,"33":0,"34":2,"35":2,"36":2,"37":2,"38":0,"39":0},"f":{"0":2,"1":2,"2":2,"3":2,"4":2,"5":0,"6":0,"7":0},"b":{"0":[2,0],"1":[0,2],"2":[0,2],"3":[0,2],"4":[0,2],"5":[0,2]},"_coverageSchema":"1a1c01bbd47fc00a2c39e90264f33305004495a9","hash":"aa9226b411f8b816ecf6b174eab179c353f474f4"}
,"E:\\NXTWave Placement Projects\\Skillwise Assignment\\backend\\routes\\auth.js": {"path":"E:\\NXTWave Placement Projects\\Skillwise Assignment\\backend\\routes\\auth.js","statementMap":{"0":{"start":{"line":1,"column":16},"end":{"line":1,"column":34}},"1":{"start":{"line":2,"column":15},"end":{"line":2,"column":34}},"2":{"start":{"line":3,"column":12},"end":{"line":3,"column":35}},"3":{"start":{"line":4,"column":35},"end":{"line":4,"column":63}},"4":{"start":{"line":5,"column":15},"end":{"line":5,"column":31}},"5":{"start":{"line":9,"column":14},"end":{"line":11,"column":1}},"6":{"start":{"line":10,"column":2},"end":{"line":10,"column":16}},"7":{"start":{"line":14,"column":19},"end":{"line":14,"column":83}},"8":{"start":{"line":17,"column":0},"end":{"line":82,"column":2}},"9":{"start":{"line":25,"column":19},"end":{"line":25,"column":40}},"10":{"start":{"line":26,"column":4},"end":{"line":28,"column":5}},"11":{"start":{"line":27,"column":6},"end":{"line":27,"column":62}},"12":{"start":{"line":30,"column":42},"end":{"line":30,"column":50}},"13":{"start":{"line":32,"column":4},"end":{"line":80,"column":5}},"14":{"start":{"line":34,"column":6},"end":{"line":77,"column":8}},"15":{"start":{"line":38,"column":10},"end":{"line":40,"column":11}},"16":{"start":{"line":39,"column":12},"end":{"line":39,"column":64}},"17":{"start":{"line":42,"column":10},"end":{"line":44,"column":11}},"18":{"start":{"line":43,"column":12},"end":{"line":43,"column":74}},"19":{"start":{"line":47,"column":33},"end":{"line":47,"column":64}},"20":{"start":{"line":50,"column":10},"end":{"line":75,"column":12}},"21":{"start":{"line":54,"column":14},"end":{"line":56,"column":15}},"22":{"start":{"line":55,"column":16},"end":{"line":55,"column":68}},"23":{"start":{"line":59,"column":28},"end":{"line":63,"column":15}},"24":{"start":{"line":65,"column":14},"end":{"line":73,"column":17}},"25":{"start":{"line":79,"column":6},"end":{"line":79,"column":53}},"26":{"start":{"line":85,"column":0},"end":{"line":138,"column":2}},"27":{"start":{"line":92,"column":19},"end":{"line":92,"column":40}},"28":{"start":{"line":93,"column":4},"end":{"line":95,"column":5}},"29":{"start":{"line":94,"column":6},"end":{"line":94,"column":62}},"30":{"start":{"line":97,"column":32},"end":{"line":97,"column":40}},"31":{"start":{"line":99,"column":4},"end":{"line":136,"column":5}},"32":{"start":{"line":101,"column":6},"end":{"line":133,"column":9}},"33":{"start":{"line":102,"column":8},"end":{"line":104,"column":9}},"34":{"start":{"line":103,"column":10},"end":{"line":103,"column":62}},"35":{"start":{"line":106,"column":8},"end":{"line":108,"column":9}},"36":{"start":{"line":107,"column":10},"end":{"line":107,"column":72}},"37":{"start":{"line":111,"column":32},"end":{"line":111,"column":77}},"38":{"start":{"line":113,"column":8},"end":{"line":115,"column":9}},"39":{"start":{"line":114,"column":10},"end":{"line":114,"column":72}},"40":{"start":{"line":118,"column":22},"end":{"line":122,"column":9}},"41":{"start":{"line":124,"column":8},"end":{"line":132,"column":11}},"42":{"start":{"line":135,"column":6},"end":{"line":135,"column":53}},"43":{"start":{"line":141,"column":0},"end":{"line":153,"column":3}},"44":{"start":{"line":142,"column":2},"end":{"line":152,"column":5}},"45":{"start":{"line":143,"column":4},"end":{"line":145,"column":5}},"46":{"start":{"line":144,"column":6},"end":{"line":144,"column":58}},"47":{"start":{"line":147,"column":4},"end":{"line":149,"column":5}},"48":{"start":{"line":148,"column":6},"end":{"line":148,"column":63}},"49":{"start":{"line":151,"column":4},"end":{"line":151,"column":23}},"50":{"start":{"line":157,"column":16},"end":{"line":157,"column":59}},"51":{"start":{"line":159,"column":2},"end":{"line":161,"column":3}},"52":{"start":{"line":160,"column":4},"end":{"line":160,"column":64}},"53":{"start":{"line":163,"column":2},"end":{"line":170,"column":5}},"54":{"start":{"line":164,"column":4},"end":{"line":166,"column":5}},"55":{"start":{"line":165,"column":6},"end":{"line":165,"column":73}},"56":{"start":{"line":168,"column":4},"end":{"line":168,"column":23}},"57":{"start":{"line":169,"column":4},"end":{"line":169,"column":11}},"58":{"start":{"line":173,"column":0},"end":{"line":173,"column":48}}},"fnMap":{"0":{"name":"(anonymous_0)","decl":{"start":{"line":9,"column":14},"end":{"line":9,"column":15}},"loc":{"start":{"line":9,"column":28},"end":{"line":11,"column":1}},"line":9},"1":{"name":"(anonymous_1)","decl":{"start":{"line":24,"column":2},"end":{"line":24,"column":3}},"loc":{"start":{"line":24,"column":22},"end":{"line":81,"column":3}},"line":24},"2":{"name":"(anonymous_2)","decl":{"start":{"line":37,"column":8},"end":{"line":37,"column":9}},"loc":{"start":{"line":37,"column":37},"end":{"line":76,"column":9}},"line":37},"3":{"name":"(anonymous_3)","decl":{"start":{"line":53,"column":12},"end":{"line":53,"column":13}},"loc":{"start":{"line":53,"column":27},"end":{"line":74,"column":13}},"line":53},"4":{"name":"(anonymous_4)","decl":{"start":{"line":91,"column":2},"end":{"line":91,"column":3}},"loc":{"start":{"line":91,"column":22},"end":{"line":137,"column":3}},"line":91},"5":{"name":"(anonymous_5)","decl":{"start":{"line":101,"column":61},"end":{"line":101,"column":62}},"loc":{"start":{"line":101,"column":82},"end":{"line":133,"column":7}},"line":101},"6":{"name":"(anonymous_6)","decl":{"start":{"line":141,"column":31},"end":{"line":141,"column":32}},"loc":{"start":{"line":141,"column":45},"end":{"line":153,"column":1}},"line":141},"7":{"name":"(anonymous_7)","decl":{"start":{"line":142,"column":78},"end":{"line":142,"column":79}},"loc":{"start":{"line":142,"column":93},"end":{"line":152,"column":3}},"line":142},"8":{"name":"verifyToken","decl":{"start":{"line":156,"column":9},"end":{"line":156,"column":20}},"loc":{"start":{"line":156,"column":37},"end":{"line":171,"column":1}},"line":156},"9":{"name":"(anonymous_9)","decl":{"start":{"line":163,"column":32},"end":{"line":163,"column":33}},"loc":{"start":{"line":163,"column":50},"end":{"line":170,"column":3}},"line":163}},"branchMap":{"0":{"loc":{"start":{"line":14,"column":19},"end":{"line":14,"column":83}},"type":"binary-expr","locations":[{"start":{"line":14,"column":19},"end":{"line":14,"column":41}},{"start":{"line":14,"column":45},"end":{"line":14,"column":83}}],"line":14},"1":{"loc":{"start":{"line":26,"column":4},"end":{"line":28,"column":5}},"type":"if","locations":[{"start":{"line":26,"column":4},"end":{"line":28,"column":5}},{"start":{},"end":{}}],"line":26},"2":{"loc":{"start":{"line":38,"column":10},"end":{"line":40,"column":11}},"type":"if","locations":[{"start":{"line":38,"column":10},"end":{"line":40,"column":11}},{"start":{},"end":{}}],"line":38},"3":{"loc":{"start":{"line":42,"column":10},"end":{"line":44,"column":11}},"type":"if","locations":[{"start":{"line":42,"column":10},"end":{"line":44,"column":11}},{"start":{},"end":{}}],"line":42},"4":{"loc":{"start":{"line":54,"column":14},"end":{"line":56,"column":15}},"type":"if","locations":[{"start":{"line":54,"column":14},"end":{"line":56,"column":15}},{"start":{},"end":{}}],"line":54},"5":{"loc":{"start":{"line":93,"column":4},"end":{"line":95,"column":5}},"type":"if","locations":[{"start":{"line":93,"column":4},"end":{"line":95,"column":5}},{"start":{},"end":{}}],"line":93},"6":{"loc":{"start":{"line":102,"column":8},"end":{"line":104,"column":9}},"type":"if","locations":[{"start":{"line":102,"column":8},"end":{"line":104,"column":9}},{"start":{},"end":{}}],"line":102},"7":{"loc":{"start":{"line":106,"column":8},"end":{"line":108,"column":9}},"type":"if","locations":[{"start":{"line":106,"column":8},"end":{"line":108,"column":9}},{"start":{},"end":{}}],"line":106},"8":{"loc":{"start":{"line":113,"column":8},"end":{"line":115,"column":9}},"type":"if","locations":[{"start":{"line":113,"column":8},"end":{"line":115,"column":9}},{"start":{},"end":{}}],"line":113},"9":{"loc":{"start":{"line":143,"column":4},"end":{"line":145,"column":5}},"type":"if","locations":[{"start":{"line":143,"column":4},"end":{"line":145,"column":5}},{"start":{},"end":{}}],"line":143},"10":{"loc":{"start":{"line":147,"column":4},"end":{"line":149,"column":5}},"type":"if","locations":[{"start":{"line":147,"column":4},"end":{"line":149,"column":5}},{"start":{},"end":{}}],"line":147},"11":{"loc":{"start":{"line":159,"column":2},"end":{"line":161,"column":3}},"type":"if","locations":[{"start":{"line":159,"column":2},"end":{"line":161,"column":3}},{"start":{},"end":{}}],"line":159},"12":{"loc":{"start":{"line":164,"column":4},"end":{"line":166,"column":5}},"type":"if","locations":[{"start":{"line":164,"column":4},"end":{"line":166,"column":5}},{"start":{},"end":{}}],"line":164}},"s":{"0":2,"1":2,"2":2,"3":2,"4":2,"5":2,"6":2,"7":2,"8":2,"9":4,"10":4,"11":2,"12":2,"13":2,"14":2,"15":2,"16":0,"17":2,"18":1,"19":1,"20":1,"21":1,"22":0,"23":1,"24":1,"25":0,"26":2,"27":3,"28":3,"29":0,"30":3,"31":3,"32":3,"33":3,"34":0,"35":3,"36":1,"37":2,"38":2,"39":1,"40":1,"41":1,"42":0,"43":2,"44":1,"45":1,"46":0,"47":1,"48":0,"49":1,"50":3,"51":3,"52":1,"53":2,"54":2,"55":1,"56":1,"57":1,"58":2},"f":{"0":2,"1":4,"2":2,"3":1,"4":3,"5":3,"6":1,"7":1,"8":3,"9":2},"b":{"0":[2,0],"1":[2,2],"2":[0,2],"3":[1,1],"4":[0,1],"5":[0,3],"6":[0,3],"7":[1,2],"8":[1,1],"9":[0,1],"10":[0,1],"11":[1,2],"12":[1,1]},"_coverageSchema":"1a1c01bbd47fc00a2c39e90264f33305004495a9","hash":"3f5e7b870c4ddd65d630ff114eb798c6a716ce66"}
,"E:\\NXTWave Placement Projects\\Skillwise Assignment\\backend\\routes\\products.js": {"path":"E:\\NXTWave Placement Projects\\Skillwise Assignment\\backend\\routes\\products.js","statementMap":{"0":{"start":{"line":1,"column":16},"end":{"line":1,"column":34}},"1":{"start":{"line":2,"column":35},"end":{"line":2,"column":63}},"2":{"start":{"line":3,"column":15},"end":{"line":3,"column":32}},"3":{"start":{"line":4,"column":12},"end":{"line":4,"column":33}},"4":{"start":{"line":5,"column":11},"end":{"line":5,"column":24}},"5":{"start":{"line":6,"column":15},"end":{"line":6,"column":31}},"6":{"start":{"line":9,"column":15},"end":{"line":9,"column":43}},"7":{"start":{"line":13,"column":14},"end":{"line":15,"column":1}},"8":{"start":{"line":14,"column":2},"end":{"line":14,"column":16}},"9":{"start":{"line":18,"column":0},"end":{"line":35,"column":3}},"10":{"start":{"line":19,"column":19},"end":{"line":19,"column":28}},"11":{"start":{"line":21,"column":2},"end":{"line":23,"column":3}},"12":{"start":{"line":22,"column":4},"end":{"line":22,"column":71}},"13":{"start":{"line":25,"column":2},"end":{"line":34,"column":4}},"14":{"start":{"line":29,"column":6},"end":{"line":31,"column":7}},"15":{"start":{"line":30,"column":8},"end":{"line":30,"column":60}},"16":{"start":{"line":32,"column":6},"end":{"line":32,"column":55}},"17":{"start":{"line":38,"column":0},"end":{"line":70,"column":3}},"18":{"start":{"line":39,"column":17},"end":{"line":39,"column":27}},"19":{"start":{"line":42,"column":2},"end":{"line":69,"column":5}},"20":{"start":{"line":43,"column":4},"end":{"line":45,"column":5}},"21":{"start":{"line":44,"column":6},"end":{"line":44,"column":58}},"22":{"start":{"line":47,"column":4},"end":{"line":49,"column":5}},"23":{"start":{"line":48,"column":6},"end":{"line":48,"column":66}},"24":{"start":{"line":52,"column":4},"end":{"line":68,"column":6}},"25":{"start":{"line":58,"column":8},"end":{"line":60,"column":9}},"26":{"start":{"line":59,"column":10},"end":{"line":59,"column":62}},"27":{"start":{"line":62,"column":8},"end":{"line":66,"column":11}},"28":{"start":{"line":73,"column":0},"end":{"line":101,"column":3}},"29":{"start":{"line":74,"column":2},"end":{"line":100,"column":5}},"30":{"start":{"line":75,"column":4},"end":{"line":77,"column":5}},"31":{"start":{"line":76,"column":6},"end":{"line":76,"column":58}},"32":{"start":{"line":80,"column":20},"end":{"line":80,"column":91}},"33":{"start":{"line":81,"column":18},"end":{"line":81,"column":42}},"34":{"start":{"line":84,"column":4},"end":{"line":94,"column":7}},"35":{"start":{"line":85,"column":18},"end":{"line":92,"column":8}},"36":{"start":{"line":86,"column":22},"end":{"line":86,"column":43}},"37":{"start":{"line":88,"column":8},"end":{"line":90,"column":9}},"38":{"start":{"line":89,"column":10},"end":{"line":89,"column":50}},"39":{"start":{"line":91,"column":8},"end":{"line":91,"column":21}},"40":{"start":{"line":93,"column":6},"end":{"line":93,"column":38}},"41":{"start":{"line":97,"column":4},"end":{"line":97,"column":46}},"42":{"start":{"line":98,"column":4},"end":{"line":98,"column":80}},"43":{"start":{"line":99,"column":4},"end":{"line":99,"column":34}},"44":{"start":{"line":104,"column":0},"end":{"line":197,"column":3}},"45":{"start":{"line":105,"column":2},"end":{"line":107,"column":3}},"46":{"start":{"line":106,"column":4},"end":{"line":106,"column":63}},"47":{"start":{"line":109,"column":18},"end":{"line":109,"column":20}},"48":{"start":{"line":110,"column":19},"end":{"line":110,"column":32}},"49":{"start":{"line":113,"column":2},"end":{"line":196,"column":7}},"50":{"start":{"line":115,"column":26},"end":{"line":115,"column":44}},"51":{"start":{"line":117,"column":18},"end":{"line":117,"column":19}},"52":{"start":{"line":118,"column":20},"end":{"line":118,"column":21}},"53":{"start":{"line":119,"column":25},"end":{"line":119,"column":27}},"54":{"start":{"line":120,"column":22},"end":{"line":120,"column":23}},"55":{"start":{"line":122,"column":6},"end":{"line":125,"column":7}},"56":{"start":{"line":123,"column":8},"end":{"line":123,"column":32}},"57":{"start":{"line":124,"column":8},"end":{"line":124,"column":68}},"58":{"start":{"line":128,"column":6},"end":{"line":191,"column":9}},"59":{"start":{"line":129,"column":70},"end":{"line":129,"column":77}},"60":{"start":{"line":132,"column":8},"end":{"line":140,"column":9}},"61":{"start":{"line":133,"column":10},"end":{"line":133,"column":22}},"62":{"start":{"line":134,"column":10},"end":{"line":134,"column":20}},"63":{"start":{"line":135,"column":10},"end":{"line":138,"column":11}},"64":{"start":{"line":136,"column":12},"end":{"line":136,"column":36}},"65":{"start":{"line":137,"column":12},"end":{"line":137,"column":53}},"66":{"start":{"line":139,"column":10},"end":{"line":139,"column":17}},"67":{"start":{"line":143,"column":8},"end":{"line":190,"column":10}},"68":{"start":{"line":147,"column":12},"end":{"line":182,"column":13}},"69":{"start":{"line":148,"column":14},"end":{"line":148,"column":70}},"70":{"start":{"line":149,"column":14},"end":{"line":149,"column":26}},"71":{"start":{"line":150,"column":14},"end":{"line":150,"column":24}},"72":{"start":{"line":151,"column":19},"end":{"line":182,"column":13}},"73":{"start":{"line":153,"column":14},"end":{"line":156,"column":17}},"74":{"start":{"line":157,"column":14},"end":{"line":157,"column":26}},"75":{"start":{"line":158,"column":14},"end":{"line":158,"column":24}},"76":{"start":{"line":161,"column":14},"end":{"line":180,"column":16}},"77":{"start":{"line":166,"column":18},"end":{"line":171,"column":19}},"78":{"start":{"line":167,"column":20},"end":{"line":167,"column":75}},"79":{"start":{"line":168,"column":20},"end":{"line":168,"column":30}},"80":{"start":{"line":170,"column":20},"end":{"line":170,"column":28}},"81":{"start":{"line":172,"column":18},"end":{"line":172,"column":30}},"82":{"start":{"line":175,"column":18},"end":{"line":178,"column":19}},"83":{"start":{"line":176,"column":20},"end":{"line":176,"column":44}},"84":{"start":{"line":177,"column":20},"end":{"line":177,"column":61}},"85":{"start":{"line":181,"column":14},"end":{"line":181,"column":21}},"86":{"start":{"line":185,"column":12},"end":{"line":188,"column":13}},"87":{"start":{"line":186,"column":14},"end":{"line":186,"column":38}},"88":{"start":{"line":187,"column":14},"end":{"line":187,"column":55}},"89":{"start":{"line":194,"column":6},"end":{"line":194,"column":30}},"90":{"start":{"line":195,"column":6},"end":{"line":195,"column":82}},"91":{"start":{"line":200,"column":0},"end":{"line":235,"column":3}},"92":{"start":{"line":201,"column":49},"end":{"line":201,"column":58}},"93":{"start":{"line":203,"column":14},"end":{"line":203,"column":38}},"94":{"start":{"line":204,"column":17},"end":{"line":204,"column":19}},"95":{"start":{"line":207,"column":2},"end":{"line":210,"column":3}},"96":{"start":{"line":208,"column":4},"end":{"line":208,"column":35}},"97":{"start":{"line":209,"column":4},"end":{"line":209,"column":26}},"98":{"start":{"line":213,"column":2},"end":{"line":218,"column":3}},"99":{"start":{"line":214,"column":28},"end":{"line":214,"column":82}},"100":{"start":{"line":215,"column":22},"end":{"line":215,"column":66}},"101":{"start":{"line":216,"column":22},"end":{"line":216,"column":55}},"102":{"start":{"line":217,"column":4},"end":{"line":217,"column":51}},"103":{"start":{"line":221,"column":2},"end":{"line":227,"column":3}},"104":{"start":{"line":222,"column":20},"end":{"line":222,"column":34}},"105":{"start":{"line":223,"column":21},"end":{"line":223,"column":36}},"106":{"start":{"line":224,"column":19},"end":{"line":224,"column":43}},"107":{"start":{"line":225,"column":4},"end":{"line":225,"column":33}},"108":{"start":{"line":226,"column":4},"end":{"line":226,"column":34}},"109":{"start":{"line":229,"column":2},"end":{"line":234,"column":5}},"110":{"start":{"line":230,"column":4},"end":{"line":232,"column":5}},"111":{"start":{"line":231,"column":6},"end":{"line":231,"column":58}},"112":{"start":{"line":233,"column":4},"end":{"line":233,"column":53}},"113":{"start":{"line":238,"column":0},"end":{"line":269,"column":3}},"114":{"start":{"line":239,"column":17},"end":{"line":239,"column":27}},"115":{"start":{"line":242,"column":2},"end":{"line":268,"column":5}},"116":{"start":{"line":243,"column":4},"end":{"line":245,"column":5}},"117":{"start":{"line":244,"column":6},"end":{"line":244,"column":58}},"118":{"start":{"line":247,"column":4},"end":{"line":249,"column":5}},"119":{"start":{"line":248,"column":6},"end":{"line":248,"column":66}},"120":{"start":{"line":252,"column":4},"end":{"line":267,"column":6}},"121":{"start":{"line":256,"column":8},"end":{"line":258,"column":9}},"122":{"start":{"line":257,"column":10},"end":{"line":257,"column":62}},"123":{"start":{"line":260,"column":8},"end":{"line":265,"column":11}},"124":{"start":{"line":272,"column":0},"end":{"line":284,"column":3}},"125":{"start":{"line":273,"column":17},"end":{"line":273,"column":27}},"126":{"start":{"line":275,"column":2},"end":{"line":283,"column":5}},"127":{"start":{"line":276,"column":4},"end":{"line":278,"column":5}},"128":{"start":{"line":277,"column":6},"end":{"line":277,"column":58}},"129":{"start":{"line":279,"column":4},"end":{"line":281,"column":5}},"130":{"start":{"line":280,"column":6},"end":{"line":280,"column":66}},"131":{"start":{"line":282,"column":4},"end":{"line":282,"column":31}},"132":{"start":{"line":287,"column":0},"end":{"line":340,"column":2}},"133":{"start":{"line":299,"column":19},"end":{"line":299,"column":40}},"134":{"start":{"line":300,"column":4},"end":{"line":302,"column":5}},"135":{"start":{"line":301,"column":6},"end":{"line":301,"column":62}},"136":{"start":{"line":304,"column":66},"end":{"line":304,"column":74}},"137":{"start":{"line":307,"column":4},"end":{"line":338,"column":7}},"138":{"start":{"line":308,"column":6},"end":{"line":310,"column":7}},"139":{"start":{"line":309,"column":8},"end":{"line":309,"column":60}},"140":{"start":{"line":312,"column":6},"end":{"line":314,"column":7}},"141":{"start":{"line":313,"column":8},"end":{"line":313,"column":78}},"142":{"start":{"line":317,"column":6},"end":{"line":337,"column":8}},"143":{"start":{"line":322,"column":10},"end":{"line":324,"column":11}},"144":{"start":{"line":323,"column":12},"end":{"line":323,"column":64}},"145":{"start":{"line":327,"column":10},"end":{"line":335,"column":13}},"146":{"start":{"line":328,"column":12},"end":{"line":330,"column":13}},"147":{"start":{"line":329,"column":14},"end":{"line":329,"column":66}},"148":{"start":{"line":331,"column":12},"end":{"line":334,"column":15}},"149":{"start":{"line":343,"column":0},"end":{"line":428,"column":2}},"150":{"start":{"line":355,"column":19},"end":{"line":355,"column":40}},"151":{"start":{"line":356,"column":4},"end":{"line":358,"column":5}},"152":{"start":{"line":357,"column":6},"end":{"line":357,"column":62}},"153":{"start":{"line":360,"column":19},"end":{"line":360,"column":29}},"154":{"start":{"line":361,"column":66},"end":{"line":361,"column":74}},"155":{"start":{"line":364,"column":4},"end":{"line":426,"column":6}},"156":{"start":{"line":368,"column":8},"end":{"line":370,"column":9}},"157":{"start":{"line":369,"column":10},"end":{"line":369,"column":62}},"158":{"start":{"line":372,"column":8},"end":{"line":374,"column":9}},"159":{"start":{"line":373,"column":10},"end":{"line":373,"column":80}},"160":{"start":{"line":377,"column":8},"end":{"line":424,"column":11}},"161":{"start":{"line":378,"column":10},"end":{"line":380,"column":11}},"162":{"start":{"line":379,"column":12},"end":{"line":379,"column":64}},"163":{"start":{"line":382,"column":10},"end":{"line":384,"column":11}},"164":{"start":{"line":383,"column":12},"end":{"line":383,"column":72}},"165":{"start":{"line":387,"column":10},"end":{"line":423,"column":12}},"166":{"start":{"line":393,"column":14},"end":{"line":395,"column":15}},"167":{"start":{"line":394,"column":16},"end":{"line":394,"column":68}},"168":{"start":{"line":398,"column":14},"end":{"line":410,"column":15}},"169":{"start":{"line":399,"column":16},"end":{"line":409,"column":18}},"170":{"start":{"line":405,"column":20},"end":{"line":407,"column":21}},"171":{"start":{"line":406,"column":22},"end":{"line":406,"column":85}},"172":{"start":{"line":413,"column":14},"end":{"line":421,"column":17}},"173":{"start":{"line":414,"column":16},"end":{"line":416,"column":17}},"174":{"start":{"line":415,"column":18},"end":{"line":415,"column":70}},"175":{"start":{"line":417,"column":16},"end":{"line":420,"column":19}},"176":{"start":{"line":431,"column":0},"end":{"line":463,"column":3}},"177":{"start":{"line":432,"column":17},"end":{"line":432,"column":27}},"178":{"start":{"line":435,"column":2},"end":{"line":462,"column":5}},"179":{"start":{"line":436,"column":4},"end":{"line":438,"column":5}},"180":{"start":{"line":437,"column":6},"end":{"line":437,"column":58}},"181":{"start":{"line":440,"column":4},"end":{"line":442,"column":5}},"182":{"start":{"line":441,"column":6},"end":{"line":441,"column":66}},"183":{"start":{"line":445,"column":4},"end":{"line":461,"column":7}},"184":{"start":{"line":446,"column":6},"end":{"line":448,"column":7}},"185":{"start":{"line":447,"column":8},"end":{"line":447,"column":60}},"186":{"start":{"line":451,"column":6},"end":{"line":455,"column":9}},"187":{"start":{"line":452,"column":8},"end":{"line":454,"column":9}},"188":{"start":{"line":453,"column":10},"end":{"line":453,"column":74}},"189":{"start":{"line":457,"column":6},"end":{"line":460,"column":9}},"190":{"start":{"line":465,"column":0},"end":{"line":465,"column":35}}},"fnMap":{"0":{"name":"(anonymous_0)","decl":{"start":{"line":13,"column":14},"end":{"line":13,"column":15}},"loc":{"start":{"line":13,"column":28},"end":{"line":15,"column":1}},"line":13},"1":{"name":"(anonymous_1)","decl":{"start":{"line":18,"column":22},"end":{"line":18,"column":23}},"loc":{"start":{"line":18,"column":36},"end":{"line":35,"column":1}},"line":18},"2":{"name":"(anonymous_2)","decl":{"start":{"line":28,"column":4},"end":{"line":28,"column":5}},"loc":{"start":{"line":28,"column":19},"end":{"line":33,"column":5}},"line":28},"3":{"name":"(anonymous_3)","decl":{"start":{"line":38,"column":27},"end":{"line":38,"column":28}},"loc":{"start":{"line":38,"column":41},"end":{"line":70,"column":1}},"line":38},"4":{"name":"(anonymous_4)","decl":{"start":{"line":42,"column":61},"end":{"line":42,"column":62}},"loc":{"start":{"line":42,"column":79},"end":{"line":69,"column":3}},"line":42},"5":{"name":"(anonymous_5)","decl":{"start":{"line":57,"column":6},"end":{"line":57,"column":7}},"loc":{"start":{"line":57,"column":21},"end":{"line":67,"column":7}},"line":57},"6":{"name":"(anonymous_6)","decl":{"start":{"line":73,"column":22},"end":{"line":73,"column":23}},"loc":{"start":{"line":73,"column":36},"end":{"line":101,"column":1}},"line":73},"7":{"name":"(anonymous_7)","decl":{"start":{"line":74,"column":39},"end":{"line":74,"column":40}},"loc":{"start":{"line":74,"column":54},"end":{"line":100,"column":3}},"line":74},"8":{"name":"(anonymous_8)","decl":{"start":{"line":84,"column":17},"end":{"line":84,"column":18}},"loc":{"start":{"line":84,"column":30},"end":{"line":94,"column":5}},"line":84},"9":{"name":"(anonymous_9)","decl":{"start":{"line":85,"column":30},"end":{"line":85,"column":31}},"loc":{"start":{"line":85,"column":42},"end":{"line":92,"column":7}},"line":85},"10":{"name":"(anonymous_10)","decl":{"start":{"line":104,"column":49},"end":{"line":104,"column":50}},"loc":{"start":{"line":104,"column":63},"end":{"line":197,"column":1}},"line":104},"11":{"name":"(anonymous_11)","decl":{"start":{"line":115,"column":16},"end":{"line":115,"column":17}},"loc":{"start":{"line":115,"column":26},"end":{"line":115,"column":44}},"line":115},"12":{"name":"(anonymous_12)","decl":{"start":{"line":116,"column":15},"end":{"line":116,"column":16}},"loc":{"start":{"line":116,"column":21},"end":{"line":192,"column":5}},"line":116},"13":{"name":"(anonymous_13)","decl":{"start":{"line":128,"column":22},"end":{"line":128,"column":23}},"loc":{"start":{"line":128,"column":42},"end":{"line":191,"column":7}},"line":128},"14":{"name":"(anonymous_14)","decl":{"start":{"line":146,"column":10},"end":{"line":146,"column":11}},"loc":{"start":{"line":146,"column":36},"end":{"line":189,"column":11}},"line":146},"15":{"name":"(anonymous_15)","decl":{"start":{"line":165,"column":16},"end":{"line":165,"column":17}},"loc":{"start":{"line":165,"column":31},"end":{"line":179,"column":17}},"line":165},"16":{"name":"(anonymous_16)","decl":{"start":{"line":193,"column":17},"end":{"line":193,"column":18}},"loc":{"start":{"line":193,"column":28},"end":{"line":196,"column":5}},"line":193},"17":{"name":"(anonymous_17)","decl":{"start":{"line":200,"column":16},"end":{"line":200,"column":17}},"loc":{"start":{"line":200,"column":30},"end":{"line":235,"column":1}},"line":200},"18":{"name":"(anonymous_18)","decl":{"start":{"line":229,"column":24},"end":{"line":229,"column":25}},"loc":{"start":{"line":229,"column":39},"end":{"line":234,"column":3}},"line":229},"19":{"name":"(anonymous_19)","decl":{"start":{"line":238,"column":27},"end":{"line":238,"column":28}},"loc":{"start":{"line":238,"column":41},"end":{"line":269,"column":1}},"line":238},"20":{"name":"(anonymous_20)","decl":{"start":{"line":242,"column":61},"end":{"line":242,"column":62}},"loc":{"start":{"line":242,"column":79},"end":{"line":268,"column":3}},"line":242},"21":{"name":"(anonymous_21)","decl":{"start":{"line":255,"column":6},"end":{"line":255,"column":7}},"loc":{"start":{"line":255,"column":21},"end":{"line":266,"column":7}},"line":255},"22":{"name":"(anonymous_22)","decl":{"start":{"line":272,"column":19},"end":{"line":272,"column":20}},"loc":{"start":{"line":272,"column":33},"end":{"line":284,"column":1}},"line":272},"23":{"name":"(anonymous_23)","decl":{"start":{"line":275,"column":54},"end":{"line":275,"column":55}},"loc":{"start":{"line":275,"column":68},"end":{"line":283,"column":3}},"line":275},"24":{"name":"(anonymous_24)","decl":{"start":{"line":298,"column":2},"end":{"line":298,"column":3}},"loc":{"start":{"line":298,"column":16},"end":{"line":339,"column":3}},"line":298},"25":{"name":"(anonymous_25)","decl":{"start":{"line":307,"column":61},"end":{"line":307,"column":62}},"loc":{"start":{"line":307,"column":87},"end":{"line":338,"column":5}},"line":307},"26":{"name":"(anonymous_26)","decl":{"start":{"line":321,"column":8},"end":{"line":321,"column":9}},"loc":{"start":{"line":321,"column":23},"end":{"line":336,"column":9}},"line":321},"27":{"name":"(anonymous_27)","decl":{"start":{"line":327,"column":71},"end":{"line":327,"column":72}},"loc":{"start":{"line":327,"column":89},"end":{"line":335,"column":11}},"line":327},"28":{"name":"(anonymous_28)","decl":{"start":{"line":354,"column":2},"end":{"line":354,"column":3}},"loc":{"start":{"line":354,"column":16},"end":{"line":427,"column":3}},"line":354},"29":{"name":"(anonymous_29)","decl":{"start":{"line":367,"column":6},"end":{"line":367,"column":7}},"loc":{"start":{"line":367,"column":32},"end":{"line":425,"column":7}},"line":367},"30":{"name":"(anonymous_30)","decl":{"start":{"line":377,"column":60},"end":{"line":377,"column":61}},"loc":{"start":{"line":377,"column":78},"end":{"line":424,"column":9}},"line":377},"31":{"name":"(anonymous_31)","decl":{"start":{"line":392,"column":12},"end":{"line":392,"column":13}},"loc":{"start":{"line":392,"column":27},"end":{"line":422,"column":13}},"line":392},"32":{"name":"(anonymous_32)","decl":{"start":{"line":404,"column":18},"end":{"line":404,"column":19}},"loc":{"start":{"line":404,"column":27},"end":{"line":408,"column":19}},"line":404},"33":{"name":"(anonymous_33)","decl":{"start":{"line":413,"column":66},"end":{"line":413,"column":67}},"loc":{"start":{"line":413,"column":91},"end":{"line":421,"column":15}},"line":413},"34":{"name":"(anonymous_34)","decl":{"start":{"line":431,"column":22},"end":{"line":431,"column":23}},"loc":{"start":{"line":431,"column":36},"end":{"line":463,"column":1}},"line":431},"35":{"name":"(anonymous_35)","decl":{"start":{"line":435,"column":54},"end":{"line":435,"column":55}},"loc":{"start":{"line":435,"column":72},"end":{"line":462,"column":3}},"line":435},"36":{"name":"(anonymous_36)","decl":{"start":{"line":445,"column":54},"end":{"line":445,"column":55}},"loc":{"start":{"line":445,"column":69},"end":{"line":461,"column":5}},"line":445},"37":{"name":"(anonymous_37)","decl":{"start":{"line":451,"column":73},"end":{"line":451,"column":74}},"loc":{"start":{"line":451,"column":82},"end":{"line":455,"column":7}},"line":451}},"branchMap":{"0":{"loc":{"start":{"line":21,"column":2},"end":{"line":23,"column":3}},"type":"if","locations":[{"start":{"line":21,"column":2},"end":{"line":23,"column":3}},{"start":{},"end":{}}],"line":21},"1":{"loc":{"start":{"line":29,"column":6},"end":{"line":31,"column":7}},"type":"if","locations":[{"start":{"line":29,"column":6},"end":{"line":31,"column":7}},{"start":{},"end":{}}],"line":29},"2":{"loc":{"start":{"line":43,"column":4},"end":{"line":45,"column":5}},"type":"if","locations":[{"start":{"line":43,"column":4},"end":{"line":45,"column":5}},{"start":{},"end":{}}],"line":43},"3":{"loc":{"start":{"line":47,"column":4},"end":{"line":49,"column":5}},"type":"if","locations":[{"start":{"line":47,"column":4},"end":{"line":49,"column":5}},{"start":{},"end":{}}],"line":47},"4":{"loc":{"start":{"line":58,"column":8},"end":{"line":60,"column":9}},"type":"if","locations":[{"start":{"line":58,"column":8},"end":{"line":60,"column":9}},{"start":{},"end":{}}],"line":58},"5":{"loc":{"start":{"line":75,"column":4},"end":{"line":77,"column":5}},"type":"if","locations":[{"start":{"line":75,"column":4},"end":{"line":77,"column":5}},{"start":{},"end":{}}],"line":75},"6":{"loc":{"start":{"line":86,"column":22},"end":{"line":86,"column":43}},"type":"binary-expr","locations":[{"start":{"line":86,"column":22},"end":{"line":86,"column":37}},{"start":{"line":86,"column":41},"end":{"line":86,"column":43}}],"line":86},"7":{"loc":{"start":{"line":88,"column":8},"end":{"line":90,"column":9}},"type":"if","locations":[{"start":{"line":88,"column":8},"end":{"line":90,"column":9}},{"start":{},"end":{}}],"line":88},"8":{"loc":{"start":{"line":88,"column":12},"end":{"line":88,"column":85}},"type":"binary-expr","locations":[{"start":{"line":88,"column":12},"end":{"line":88,"column":37}},{"start":{"line":88,"column":42},"end":{"line":88,"column":61}},{"start":{"line":88,"column":65},"end":{"line":88,"column":84}}],"line":88},"9":{"loc":{"start":{"line":105,"column":2},"end":{"line":107,"column":3}},"type":"if","locations":[{"start":{"line":105,"column":2},"end":{"line":107,"column":3}},{"start":{},"end":{}}],"line":105},"10":{"loc":{"start":{"line":122,"column":6},"end":{"line":125,"column":7}},"type":"if","locations":[{"start":{"line":122,"column":6},"end":{"line":125,"column":7}},{"start":{},"end":{}}],"line":122},"11":{"loc":{"start":{"line":132,"column":8},"end":{"line":140,"column":9}},"type":"if","locations":[{"start":{"line":132,"column":8},"end":{"line":140,"column":9}},{"start":{},"end":{}}],"line":132},"12":{"loc":{"start":{"line":132,"column":12},"end":{"line":132,"column":40}},"type":"binary-expr","locations":[{"start":{"line":132,"column":12},"end":{"line":132,"column":17}},{"start":{"line":132,"column":21},"end":{"line":132,"column":40}}],"line":132},"13":{"loc":{"start":{"line":135,"column":10},"end":{"line":138,"column":11}},"type":"if","locations":[{"start":{"line":135,"column":10},"end":{"line":138,"column":11}},{"start":{},"end":{}}],"line":135},"14":{"loc":{"start":{"line":147,"column":12},"end":{"line":182,"column":13}},"type":"if","locations":[{"start":{"line":147,"column":12},"end":{"line":182,"column":13}},{"start":{"line":151,"column":19},"end":{"line":182,"column":13}}],"line":147},"15":{"loc":{"start":{"line":151,"column":19},"end":{"line":182,"column":13}},"type":"if","locations":[{"start":{"line":151,"column":19},"end":{"line":182,"column":13}},{"start":{"line":159,"column":19},"end":{"line":182,"column":13}}],"line":151},"16":{"loc":{"start":{"line":164,"column":23},"end":{"line":164,"column":33}},"type":"binary-expr","locations":[{"start":{"line":164,"column":23},"end":{"line":164,"column":27}},{"start":{"line":164,"column":31},"end":{"line":164,"column":33}}],"line":164},"17":{"loc":{"start":{"line":164,"column":35},"end":{"line":164,"column":49}},"type":"binary-expr","locations":[{"start":{"line":164,"column":35},"end":{"line":164,"column":43}},{"start":{"line":164,"column":47},"end":{"line":164,"column":49}}],"line":164},"18":{"loc":{"start":{"line":164,"column":51},"end":{"line":164,"column":62}},"type":"binary-expr","locations":[{"start":{"line":164,"column":51},"end":{"line":164,"column":56}},{"start":{"line":164,"column":60},"end":{"line":164,"column":62}}],"line":164},"19":{"loc":{"start":{"line":164,"column":64},"end":{"line":164,"column":84}},"type":"binary-expr","locations":[{"start":{"line":164,"column":64},"end":{"line":164,"column":79}},{"start":{"line":164,"column":83},"end":{"line":164,"column":84}}],"line":164},"20":{"loc":{"start":{"line":164,"column":86},"end":{"line":164,"column":98}},"type":"binary-expr","locations":[{"start":{"line":164,"column":86},"end":{"line":164,"column":92}},{"start":{"line":164,"column":96},"end":{"line":164,"column":98}}],"line":164},"21":{"loc":{"start":{"line":164,"column":100},"end":{"line":164,"column":111}},"type":"binary-expr","locations":[{"start":{"line":164,"column":100},"end":{"line":164,"column":105}},{"start":{"line":164,"column":109},"end":{"line":164,"column":111}}],"line":164},"22":{"loc":{"start":{"line":166,"column":18},"end":{"line":171,"column":19}},"type":"if","locations":[{"start":{"line":166,"column":18},"end":{"line":171,"column":19}},{"start":{"line":169,"column":25},"end":{"line":171,"column":19}}],"line":166},"23":{"loc":{"start":{"line":175,"column":18},"end":{"line":178,"column":19}},"type":"if","locations":[{"start":{"line":175,"column":18},"end":{"line":178,"column":19}},{"start":{},"end":{}}],"line":175},"24":{"loc":{"start":{"line":185,"column":12},"end":{"line":188,"column":13}},"type":"if","locations":[{"start":{"line":185,"column":12},"end":{"line":188,"column":13}},{"start":{},"end":{}}],"line":185},"25":{"loc":{"start":{"line":207,"column":2},"end":{"line":210,"column":3}},"type":"if","locations":[{"start":{"line":207,"column":2},"end":{"line":210,"column":3}},{"start":{},"end":{}}],"line":207},"26":{"loc":{"start":{"line":213,"column":2},"end":{"line":218,"column":3}},"type":"if","locations":[{"start":{"line":213,"column":2},"end":{"line":218,"column":3}},{"start":{},"end":{}}],"line":213},"27":{"loc":{"start":{"line":215,"column":22},"end":{"line":215,"column":66}},"type":"cond-expr","locations":[{"start":{"line":215,"column":55},"end":{"line":215,"column":59}},{"start":{"line":215,"column":62},"end":{"line":215,"column":66}}],"line":215},"28":{"loc":{"start":{"line":216,"column":22},"end":{"line":216,"column":55}},"type":"cond-expr","locations":[{"start":{"line":216,"column":41},"end":{"line":216,"column":47}},{"start":{"line":216,"column":50},"end":{"line":216,"column":55}}],"line":216},"29":{"loc":{"start":{"line":221,"column":2},"end":{"line":227,"column":3}},"type":"if","locations":[{"start":{"line":221,"column":2},"end":{"line":227,"column":3}},{"start":{},"end":{}}],"line":221},"30":{"loc":{"start":{"line":221,"column":6},"end":{"line":221,"column":19}},"type":"binary-expr","locations":[{"start":{"line":221,"column":6},"end":{"line":221,"column":10}},{"start":{"line":221,"column":14},"end":{"line":221,"column":19}}],"line":221},"31":{"loc":{"start":{"line":230,"column":4},"end":{"line":232,"column":5}},"type":"if","locations":[{"start":{"line":230,"column":4},"end":{"line":232,"column":5}},{"start":{},"end":{}}],"line":230},"32":{"loc":{"start":{"line":243,"column":4},"end":{"line":245,"column":5}},"type":"if","locations":[{"start":{"line":243,"column":4},"end":{"line":245,"column":5}},{"start":{},"end":{}}],"line":243},"33":{"loc":{"start":{"line":247,"column":4},"end":{"line":249,"column":5}},"type":"if","locations":[{"start":{"line":247,"column":4},"end":{"line":249,"column":5}},{"start":{},"end":{}}],"line":247},"34":{"loc":{"start":{"line":256,"column":8},"end":{"line":258,"column":9}},"type":"if","locations":[{"start":{"line":256,"column":8},"end":{"line":258,"column":9}},{"start":{},"end":{}}],"line":256},"35":{"loc":{"start":{"line":276,"column":4},"end":{"line":278,"column":5}},"type":"if","locations":[{"start":{"line":276,"column":4},"end":{"line":278,"column":5}},{"start":{},"end":{}}],"line":276},"36":{"loc":{"start":{"line":279,"column":4},"end":{"line":281,"column":5}},"type":"if","locations":[{"start":{"line":279,"column":4},"end":{"line":281,"column":5}},{"start":{},"end":{}}],"line":279},"37":{"loc":{"start":{"line":300,"column":4},"end":{"line":302,"column":5}},"type":"if","locations":[{"start":{"line":300,"column":4},"end":{"line":302,"column":5}},{"start":{},"end":{}}],"line":300},"38":{"loc":{"start":{"line":308,"column":6},"end":{"line":310,"column":7}},"type":"if","locations":[{"start":{"line":308,"column":6},"end":{"line":310,"column":7}},{"start":{},"end":{}}],"line":308},"39":{"loc":{"start":{"line":312,"column":6},"end":{"line":314,"column":7}},"type":"if","locations":[{"start":{"line":312,"column":6},"end":{"line":314,"column":7}},{"start":{},"end":{}}],"line":312},"40":{"loc":{"start":{"line":322,"column":10},"end":{"line":324,"column":11}},"type":"if","locations":[{"start":{"line":322,"column":10},"end":{"line":324,"column":11}},{"start":{},"end":{}}],"line":322},"41":{"loc":{"start":{"line":328,"column":12},"end":{"line":330,"column":13}},"type":"if","locations":[{"start":{"line":328,"column":12},"end":{"line":330,"column":13}},{"start":{},"end":{}}],"line":328},"42":{"loc":{"start":{"line":356,"column":4},"end":{"line":358,"column":5}},"type":"if","locations":[{"start":{"line":356,"column":4},"end":{"line":358,"column":5}},{"start":{},"end":{}}],"line":356},"43":{"loc":{"start":{"line":368,"column":8},"end":{"line":370,"column":9}},"type":"if","locations":[{"start":{"line":368,"column":8},"end":{"line":370,"column":9}},{"start":{},"end":{}}],"line":368},"44":{"loc":{"start":{"line":372,"column":8},"end":{"line":374,"column":9}},"type":"if","locations":[{"start":{"line":372,"column":8},"end":{"line":374,"column":9}},{"start":{},"end":{}}],"line":372},"45":{"loc":{"start":{"line":378,"column":10},"end":{"line":380,"column":11}},"type":"if","locations":[{"start":{"line":378,"column":10},"end":{"line":380,"column":11}},{"start":{},"end":{}}],"line":378},"46":{"loc":{"start":{"line":382,"column":10},"end":{"line":384,"column":11}},"type":"if","locations":[{"start":{"line":382,"column":10},"end":{"line":384,"column":11}},{"start":{},"end":{}}],"line":382},"47":{"loc":{"start":{"line":393,"column":14},"end":{"line":395,"column":15}},"type":"if","locations":[{"start":{"line":393,"column":14},"end":{"line":395,"column":15}},{"start":{},"end":{}}],"line":393},"48":{"loc":{"start":{"line":398,"column":14},"end":{"line":410,"column":15}},"type":"if","locations":[{"start":{"line":398,"column":14},"end":{"line":410,"column":15}},{"start":{},"end":{}}],"line":398},"49":{"loc":{"start":{"line":405,"column":20},"end":{"line":407,"column":21}},"type":"if","locations":[{"start":{"line":405,"column":20},"end":{"line":407,"column":21}},{"start":{},"end":{}}],"line":405},"50":{"loc":{"start":{"line":414,"column":16},"end":{"line":416,"column":17}},"type":"if","locations":[{"start":{"line":414,"column":16},"end":{"line":416,"column":17}},{"start":{},"end":{}}],"line":414},"51":{"loc":{"start":{"line":436,"column":4},"end":{"line":438,"column":5}},"type":"if","locations":[{"start":{"line":436,"column":4},"end":{"line":438,"column":5}},{"start":{},"end":{}}],"line":436},"52":{"loc":{"start":{"line":440,"column":4},"end":{"line":442,"column":5}},"type":"if","locations":[{"start":{"line":440,"column":4},"end":{"line":442,"column":5}},{"start":{},"end":{}}],"line":440},"53":{"loc":{"start":{"line":446,"column":6},"end":{"line":448,"column":7}},"type":"if","locations":[{"start":{"line":446,"column":6},"end":{"line":448,"column":7}},{"start":{},"end":{}}],"line":446},"54":{"loc":{"start":{"line":452,"column":8},"end":{"line":454,"column":9}},"type":"if","locations":[{"start":{"line":452,"column":8},"end":{"line":454,"column":9}},{"start":{},"end":{}}],"line":452}},"s":{"0":2,"1":2,"2":2,"3":2,"4":2,"5":2,"6":2,"7":2,"8":2,"9":2,"10":2,"11":2,"12":1,"13":1,"14":1,"15":0,"16":1,"17":2,"18":1,"19":1,"20":1,"21":0,"22":1,"23":0,"24":1,"25":1,"26":0,"27":1,"28":2,"29":0,"30":0,"31":0,"32":0,"33":0,"34":0,"35":0,"36":0,"37":0,"38":0,"39":0,"40":0,"41":0,"42":0,"43":0,"44":2,"45":0,"46":0,"47":0,"48":0,"49":0,"50":0,"51":0,"52":0,"53":0,"54":0,"55":0,"56":0,"57":0,"58":0,"59":0,"60":0,"61":0,"62":0,"63":0,"64":0,"65":0,"66":0,"67":0,"68":0,"69":0,"70":0,"71":0,"72":0,"73":0,"74":0,"75":0,"76":0,"77":0,"78":0,"79":0,"80":0,"81":0,"82":0,"83":0,"84":0,"85":0,"86":0,"87":0,"88":0,"89":0,"90":0,"91":2,"92":3,"93":3,"94":3,"95":3,"96":0,"97":0,"98":3,"99":1,"100":1,"101":1,"102":1,"103":3,"104":1,"105":1,"106":1,"107":1,"108":1,"109":3,"110":3,"111":0,"112":3,"113":2,"114":0,"115":0,"116":0,"117":0,"118":0,"119":0,"120":0,"121":0,"122":0,"123":0,"124":2,"125":0,"126":0,"127":0,"128":0,"129":0,"130":0,"131":0,"132":2,"133":3,"134":3,"135":2,"136":1,"137":1,"138":1,"139":0,"140":1,"141":0,"142":1,"143":1,"144":0,"145":1,"146":1,"147":0,"148":1,"149":2,"150":2,"151":2,"152":0,"153":2,"154":2,"155":2,"156":2,"157":0,"158":2,"159":0,"160":2,"161":2,"162":0,"163":2,"164":1,"165":1,"166":1,"167":0,"168":1,"169":1,"170":1,"171":0,"172":1,"173":1,"174":0,"175":1,"176":2,"177":2,"178":2,"179":2,"180":0,"181":2,"182":1,"183":1,"184":1,"185":0,"186":1,"187":1,"188":0,"189":1,"190":2},"f":{"0":2,"1":2,"2":1,"3":1,"4":1,"5":1,"6":0,"7":0,"8":0,"9":0,"10":0,"11":0,"12":0,"13":0,"14":0,"15":0,"16":0,"17":3,"18":3,"19":0,"20":0,"21":0,"22":0,"23":0,"24":3,"25":1,"26":1,"27":1,"28":2,"29":2,"30":2,"31":1,"32":1,"33":1,"34":2,"35":2,"36":1,"37":1},"b":{"0":[1,1],"1":[0,1],"2":[0,1],"3":[0,1],"4":[0,1],"5":[0,0],"6":[0,0],"7":[0,0],"8":[0,0,0],"9":[0,0],"10":[0,0],"11":[0,0],"12":[0,0],"13":[0,0],"14":[0,0],"15":[0,0],"16":[0,0],"17":[0,0],"18":[0,0],"19":[0,0],"20":[0,0],"21":[0,0],"22":[0,0],"23":[0,0],"24":[0,0],"25":[0,3],"26":[1,2],"27":[1,0],"28":[0,1],"29":[1,2],"30":[3,1],"31":[0,3],"32":[0,0],"33":[0,0],"34":[0,0],"35":[0,0],"36":[0,0],"37":[2,1],"38":[0,1],"39":[0,1],"40":[0,1],"41":[0,1],"42":[0,2],"43":[0,2],"44":[0,2],"45":[0,2],"46":[1,1],"47":[0,1],"48":[1,0],"49":[0,1],"50":[0,1],"51":[0,2],"52":[1,1],"53":[0,1],"54":[0,1]},"_coverageSchema":"1a1c01bbd47fc00a2c39e90264f33305004495a9","hash":"02cc0bd9495f6e7b0f7a25bdb8b382b9c40cc604"}
}
