TN:
SF:server.js
FN:15,(anonymous_0)
FN:24,(anonymous_1)
FN:35,(anonymous_2)
FN:52,(anonymous_3)
FN:67,(anonymous_4)
FN:85,(anonymous_5)
FN:90,(anonymous_6)
FN:103,(anonymous_7)
FNF:8
FNH:5
FNDA:2,(anonymous_0)
FNDA:2,(anonymous_1)
FNDA:2,(anonymous_2)
FNDA:2,(anonymous_3)
FNDA:2,(anonymous_4)
FNDA:0,(anonymous_5)
FNDA:0,(anonymous_6)
FNDA:0,(anonymous_7)
DA:1,2
DA:2,2
DA:3,2
DA:4,2
DA:6,2
DA:7,2
DA:10,2
DA:11,2
DA:12,2
DA:15,2
DA:16,2
DA:17,0
DA:19,2
DA:24,2
DA:26,2
DA:36,2
DA:37,0
DA:39,2
DA:44,2
DA:53,2
DA:54,0
DA:56,2
DA:61,2
DA:68,2
DA:69,0
DA:71,2
DA:77,2
DA:78,2
DA:81,2
DA:82,2
DA:85,2
DA:86,0
DA:90,2
DA:91,0
DA:95,2
DA:96,2
DA:99,2
DA:102,2
DA:103,0
DA:104,0
LF:40
LH:32
BRDA:7,0,0,2
BRDA:7,0,1,0
BRDA:16,1,0,0
BRDA:16,1,1,2
BRDA:36,2,0,0
BRDA:36,2,1,2
BRDA:53,3,0,0
BRDA:53,3,1,2
BRDA:68,4,0,0
BRDA:68,4,1,2
BRDA:102,5,0,0
BRDA:102,5,1,2
BRF:12
BRH:6
end_of_record
TN:
SF:routes\auth.js
FN:9,(anonymous_0)
FN:24,(anonymous_1)
FN:37,(anonymous_2)
FN:53,(anonymous_3)
FN:91,(anonymous_4)
FN:101,(anonymous_5)
FN:141,(anonymous_6)
FN:142,(anonymous_7)
FN:156,verifyToken
FN:163,(anonymous_9)
FNF:10
FNH:10
FNDA:2,(anonymous_0)
FNDA:4,(anonymous_1)
FNDA:2,(anonymous_2)
FNDA:1,(anonymous_3)
FNDA:3,(anonymous_4)
FNDA:3,(anonymous_5)
FNDA:1,(anonymous_6)
FNDA:1,(anonymous_7)
FNDA:3,verifyToken
FNDA:2,(anonymous_9)
DA:1,2
DA:2,2
DA:3,2
DA:4,2
DA:5,2
DA:9,2
DA:10,2
DA:14,2
DA:17,2
DA:25,4
DA:26,4
DA:27,2
DA:30,2
DA:32,2
DA:34,2
DA:38,2
DA:39,0
DA:42,2
DA:43,1
DA:47,1
DA:50,1
DA:54,1
DA:55,0
DA:59,1
DA:65,1
DA:79,0
DA:85,2
DA:92,3
DA:93,3
DA:94,0
DA:97,3
DA:99,3
DA:101,3
DA:102,3
DA:103,0
DA:106,3
DA:107,1
DA:111,2
DA:113,2
DA:114,1
DA:118,1
DA:124,1
DA:135,0
DA:141,2
DA:142,1
DA:143,1
DA:144,0
DA:147,1
DA:148,0
DA:151,1
DA:157,3
DA:159,3
DA:160,1
DA:163,2
DA:164,2
DA:165,1
DA:168,1
DA:169,1
DA:173,2
LF:59
LH:51
BRDA:14,0,0,2
BRDA:14,0,1,0
BRDA:26,1,0,2
BRDA:26,1,1,2
BRDA:38,2,0,0
BRDA:38,2,1,2
BRDA:42,3,0,1
BRDA:42,3,1,1
BRDA:54,4,0,0
BRDA:54,4,1,1
BRDA:93,5,0,0
BRDA:93,5,1,3
BRDA:102,6,0,0
BRDA:102,6,1,3
BRDA:106,7,0,1
BRDA:106,7,1,2
BRDA:113,8,0,1
BRDA:113,8,1,1
BRDA:143,9,0,0
BRDA:143,9,1,1
BRDA:147,10,0,0
BRDA:147,10,1,1
BRDA:159,11,0,1
BRDA:159,11,1,2
BRDA:164,12,0,1
BRDA:164,12,1,1
BRF:26
BRH:19
end_of_record
TN:
SF:routes\products.js
FN:13,(anonymous_0)
FN:18,(anonymous_1)
FN:28,(anonymous_2)
FN:38,(anonymous_3)
FN:42,(anonymous_4)
FN:57,(anonymous_5)
FN:73,(anonymous_6)
FN:74,(anonymous_7)
FN:84,(anonymous_8)
FN:85,(anonymous_9)
FN:104,(anonymous_10)
FN:115,(anonymous_11)
FN:116,(anonymous_12)
FN:128,(anonymous_13)
FN:146,(anonymous_14)
FN:165,(anonymous_15)
FN:193,(anonymous_16)
FN:200,(anonymous_17)
FN:229,(anonymous_18)
FN:238,(anonymous_19)
FN:242,(anonymous_20)
FN:255,(anonymous_21)
FN:272,(anonymous_22)
FN:275,(anonymous_23)
FN:298,(anonymous_24)
FN:307,(anonymous_25)
FN:321,(anonymous_26)
FN:327,(anonymous_27)
FN:354,(anonymous_28)
FN:367,(anonymous_29)
FN:377,(anonymous_30)
FN:392,(anonymous_31)
FN:404,(anonymous_32)
FN:413,(anonymous_33)
FN:431,(anonymous_34)
FN:435,(anonymous_35)
FN:445,(anonymous_36)
FN:451,(anonymous_37)
FNF:38
FNH:22
FNDA:2,(anonymous_0)
FNDA:2,(anonymous_1)
FNDA:1,(anonymous_2)
FNDA:1,(anonymous_3)
FNDA:1,(anonymous_4)
FNDA:1,(anonymous_5)
FNDA:0,(anonymous_6)
FNDA:0,(anonymous_7)
FNDA:0,(anonymous_8)
FNDA:0,(anonymous_9)
FNDA:0,(anonymous_10)
FNDA:0,(anonymous_11)
FNDA:0,(anonymous_12)
FNDA:0,(anonymous_13)
FNDA:0,(anonymous_14)
FNDA:0,(anonymous_15)
FNDA:0,(anonymous_16)
FNDA:3,(anonymous_17)
FNDA:3,(anonymous_18)
FNDA:0,(anonymous_19)
FNDA:0,(anonymous_20)
FNDA:0,(anonymous_21)
FNDA:0,(anonymous_22)
FNDA:0,(anonymous_23)
FNDA:3,(anonymous_24)
FNDA:1,(anonymous_25)
FNDA:1,(anonymous_26)
FNDA:1,(anonymous_27)
FNDA:2,(anonymous_28)
FNDA:2,(anonymous_29)
FNDA:2,(anonymous_30)
FNDA:1,(anonymous_31)
FNDA:1,(anonymous_32)
FNDA:1,(anonymous_33)
FNDA:2,(anonymous_34)
FNDA:2,(anonymous_35)
FNDA:1,(anonymous_36)
FNDA:1,(anonymous_37)
DA:1,2
DA:2,2
DA:3,2
DA:4,2
DA:5,2
DA:6,2
DA:9,2
DA:13,2
DA:14,2
DA:18,2
DA:19,2
DA:21,2
DA:22,1
DA:25,1
DA:29,1
DA:30,0
DA:32,1
DA:38,2
DA:39,1
DA:42,1
DA:43,1
DA:44,0
DA:47,1
DA:48,0
DA:52,1
DA:58,1
DA:59,0
DA:62,1
DA:73,2
DA:74,0
DA:75,0
DA:76,0
DA:80,0
DA:81,0
DA:84,0
DA:85,0
DA:86,0
DA:88,0
DA:89,0
DA:91,0
DA:93,0
DA:97,0
DA:98,0
DA:99,0
DA:104,2
DA:105,0
DA:106,0
DA:109,0
DA:110,0
DA:113,0
DA:115,0
DA:117,0
DA:118,0
DA:119,0
DA:120,0
DA:122,0
DA:123,0
DA:124,0
DA:128,0
DA:129,0
DA:132,0
DA:133,0
DA:134,0
DA:135,0
DA:136,0
DA:137,0
DA:139,0
DA:143,0
DA:147,0
DA:148,0
DA:149,0
DA:150,0
DA:151,0
DA:153,0
DA:157,0
DA:158,0
DA:161,0
DA:166,0
DA:167,0
DA:168,0
DA:170,0
DA:172,0
DA:175,0
DA:176,0
DA:177,0
DA:181,0
DA:185,0
DA:186,0
DA:187,0
DA:194,0
DA:195,0
DA:200,2
DA:201,3
DA:203,3
DA:204,3
DA:207,3
DA:208,0
DA:209,0
DA:213,3
DA:214,1
DA:215,1
DA:216,1
DA:217,1
DA:221,3
DA:222,1
DA:223,1
DA:224,1
DA:225,1
DA:226,1
DA:229,3
DA:230,3
DA:231,0
DA:233,3
DA:238,2
DA:239,0
DA:242,0
DA:243,0
DA:244,0
DA:247,0
DA:248,0
DA:252,0
DA:256,0
DA:257,0
DA:260,0
DA:272,2
DA:273,0
DA:275,0
DA:276,0
DA:277,0
DA:279,0
DA:280,0
DA:282,0
DA:287,2
DA:299,3
DA:300,3
DA:301,2
DA:304,1
DA:307,1
DA:308,1
DA:309,0
DA:312,1
DA:313,0
DA:317,1
DA:322,1
DA:323,0
DA:327,1
DA:328,1
DA:329,0
DA:331,1
DA:343,2
DA:355,2
DA:356,2
DA:357,0
DA:360,2
DA:361,2
DA:364,2
DA:368,2
DA:369,0
DA:372,2
DA:373,0
DA:377,2
DA:378,2
DA:379,0
DA:382,2
DA:383,1
DA:387,1
DA:393,1
DA:394,0
DA:398,1
DA:399,1
DA:405,1
DA:406,0
DA:413,1
DA:414,1
DA:415,0
DA:417,1
DA:431,2
DA:432,2
DA:435,2
DA:436,2
DA:437,0
DA:440,2
DA:441,1
DA:445,1
DA:446,1
DA:447,0
DA:451,1
DA:452,1
DA:453,0
DA:457,1
DA:465,2
LF:191
LH:92
BRDA:21,0,0,1
BRDA:21,0,1,1
BRDA:29,1,0,0
BRDA:29,1,1,1
BRDA:43,2,0,0
BRDA:43,2,1,1
BRDA:47,3,0,0
BRDA:47,3,1,1
BRDA:58,4,0,0
BRDA:58,4,1,1
BRDA:75,5,0,0
BRDA:75,5,1,0
BRDA:86,6,0,0
BRDA:86,6,1,0
BRDA:88,7,0,0
BRDA:88,7,1,0
BRDA:88,8,0,0
BRDA:88,8,1,0
BRDA:88,8,2,0
BRDA:105,9,0,0
BRDA:105,9,1,0
BRDA:122,10,0,0
BRDA:122,10,1,0
BRDA:132,11,0,0
BRDA:132,11,1,0
BRDA:132,12,0,0
BRDA:132,12,1,0
BRDA:135,13,0,0
BRDA:135,13,1,0
BRDA:147,14,0,0
BRDA:147,14,1,0
BRDA:151,15,0,0
BRDA:151,15,1,0
BRDA:164,16,0,0
BRDA:164,16,1,0
BRDA:164,17,0,0
BRDA:164,17,1,0
BRDA:164,18,0,0
BRDA:164,18,1,0
BRDA:164,19,0,0
BRDA:164,19,1,0
BRDA:164,20,0,0
BRDA:164,20,1,0
BRDA:164,21,0,0
BRDA:164,21,1,0
BRDA:166,22,0,0
BRDA:166,22,1,0
BRDA:175,23,0,0
BRDA:175,23,1,0
BRDA:185,24,0,0
BRDA:185,24,1,0
BRDA:207,25,0,0
BRDA:207,25,1,3
BRDA:213,26,0,1
BRDA:213,26,1,2
BRDA:215,27,0,1
BRDA:215,27,1,0
BRDA:216,28,0,0
BRDA:216,28,1,1
BRDA:221,29,0,1
BRDA:221,29,1,2
BRDA:221,30,0,3
BRDA:221,30,1,1
BRDA:230,31,0,0
BRDA:230,31,1,3
BRDA:243,32,0,0
BRDA:243,32,1,0
BRDA:247,33,0,0
BRDA:247,33,1,0
BRDA:256,34,0,0
BRDA:256,34,1,0
BRDA:276,35,0,0
BRDA:276,35,1,0
BRDA:279,36,0,0
BRDA:279,36,1,0
BRDA:300,37,0,2
BRDA:300,37,1,1
BRDA:308,38,0,0
BRDA:308,38,1,1
BRDA:312,39,0,0
BRDA:312,39,1,1
BRDA:322,40,0,0
BRDA:322,40,1,1
BRDA:328,41,0,0
BRDA:328,41,1,1
BRDA:356,42,0,0
BRDA:356,42,1,2
BRDA:368,43,0,0
BRDA:368,43,1,2
BRDA:372,44,0,0
BRDA:372,44,1,2
BRDA:378,45,0,0
BRDA:378,45,1,2
BRDA:382,46,0,1
BRDA:382,46,1,1
BRDA:393,47,0,0
BRDA:393,47,1,1
BRDA:398,48,0,1
BRDA:398,48,1,0
BRDA:405,49,0,0
BRDA:405,49,1,1
BRDA:414,50,0,0
BRDA:414,50,1,1
BRDA:436,51,0,0
BRDA:436,51,1,2
BRDA:440,52,0,1
BRDA:440,52,1,1
BRDA:446,53,0,0
BRDA:446,53,1,1
BRDA:452,54,0,0
BRDA:452,54,1,1
BRF:111
BRH:37
end_of_record
